<?xml version="1.0" encoding="UTF-8"?>
<testsuite name="Cucumber" time="14.618" tests="1" skipped="0" failures="0" errors="0">
<testcase classname="Feature To Test Login" name="check login is successful" time="14.36">
<system-out><![CDATA[
Given is on Login Page......................................................passed
When users enter username and password......................................passed
And user click login........................................................passed
Then we can see honepage....................................................passed
]]></system-out>
</testcase>
</testsuite>
